Determining if the pthread_create exist failed with the following output:
Change Dir: /home/bingo/Documents/ORB-SLAM2/ORBSLAM_MapSave/Examples/ROS/ORB_SLAM2/build/CMakeFiles/CMakeTmp

Run Build Command:/usr/bin/make "cmTryCompileExec407113282/fast"
/usr/bin/make -f CMakeFiles/cmTryCompileExec407113282.dir/build.make CMakeFiles/cmTryCompileExec407113282.dir/build
make[1]: Entering directory `/home/bingo/Documents/ORB-SLAM2/ORBSLAM_MapSave/Examples/ROS/ORB_SLAM2/build/CMakeFiles/CMakeTmp'
/usr/bin/cmake -E cmake_progress_report /home/bingo/Documents/ORB-SLAM2/ORBSLAM_MapSave/Examples/ROS/ORB_SLAM2/build/CMakeFiles/CMakeTmp/CMakeFiles 1
Building C object CMakeFiles/cmTryCompileExec407113282.dir/CheckSymbolExists.c.o
/usr/bin/cc    -o CMakeFiles/cmTryCompileExec407113282.dir/CheckSymbolExists.c.o   -c /home/bingo/Documents/ORB-SLAM2/ORBSLAM_MapSave/Examples/ROS/ORB_SLAM2/build/CMakeFiles/CMakeTmp/CheckSymbolExists.c
Linking C executable cmTryCompileExec407113282
/usr/bin/cmake -E cmake_link_script CMakeFiles/cmTryCompileExec407113282.dir/link.txt --verbose=1
/usr/bin/cc       CMakeFiles/cmTryCompileExec407113282.dir/CheckSymbolExists.c.o  -o cmTryCompileExec407113282 -rdynamic 
CMakeFiles/cmTryCompileExec407113282.dir/CheckSymbolExists.c.o: In function `main':
CheckSymbolExists.c:(.text+0x16): undefined reference to `pthread_create'
collect2: error: ld returned 1 exit status
make[1]: Leaving directory `/home/bingo/Documents/ORB-SLAM2/ORBSLAM_MapSave/Examples/ROS/ORB_SLAM2/build/CMakeFiles/CMakeTmp'
make[1]: *** [cmTryCompileExec407113282] Error 1
make: *** [cmTryCompileExec407113282/fast] Error 2

File /home/bingo/Documents/ORB-SLAM2/ORBSLAM_MapSave/Examples/ROS/ORB_SLAM2/build/CMakeFiles/CMakeTmp/CheckSymbolExists.c:
/* */
#include <pthread.h>

int main(int argc, char** argv)
{
  (void)argv;
#ifndef pthread_create
  return ((int*)(&pthread_create))[argc];
#else
  (void)argc;
  return 0;
#endif
}

Determining if the function pthread_create exists in the pthreads failed with the following output:
Change Dir: /home/bingo/Documents/ORB-SLAM2/ORBSLAM_MapSave/Examples/ROS/ORB_SLAM2/build/CMakeFiles/CMakeTmp

Run Build Command:/usr/bin/make "cmTryCompileExec758912977/fast"
/usr/bin/make -f CMakeFiles/cmTryCompileExec758912977.dir/build.make CMakeFiles/cmTryCompileExec758912977.dir/build
make[1]: Entering directory `/home/bingo/Documents/ORB-SLAM2/ORBSLAM_MapSave/Examples/ROS/ORB_SLAM2/build/CMakeFiles/CMakeTmp'
/usr/bin/cmake -E cmake_progress_report /home/bingo/Documents/ORB-SLAM2/ORBSLAM_MapSave/Examples/ROS/ORB_SLAM2/build/CMakeFiles/CMakeTmp/CMakeFiles 1
Building C object CMakeFiles/cmTryCompileExec758912977.dir/CheckFunctionExists.c.o
/usr/bin/cc   -DCHECK_FUNCTION_EXISTS=pthread_create   -o CMakeFiles/cmTryCompileExec758912977.dir/CheckFunctionExists.c.o   -c /usr/share/cmake-2.8/Modules/CheckFunctionExists.c
Linking C executable cmTryCompileExec758912977
/usr/bin/cmake -E cmake_link_script CMakeFiles/cmTryCompileExec758912977.dir/link.txt --verbose=1
/usr/bin/cc   -DCHECK_FUNCTION_EXISTS=pthread_create    CMakeFiles/cmTryCompileExec758912977.dir/CheckFunctionExists.c.o  -o cmTryCompileExec758912977 -rdynamic -lpthreads 
/usr/bin/ld: cannot find -lpthreads
collect2: error: ld returned 1 exit status
make[1]: Leaving directory `/home/bingo/Documents/ORB-SLAM2/ORBSLAM_MapSave/Examples/ROS/ORB_SLAM2/build/CMakeFiles/CMakeTmp'
make[1]: *** [cmTryCompileExec758912977] Error 1
make: *** [cmTryCompileExec758912977/fast] Error 2


